
*** Running vivado
    with args -log UklKomb1.vdi -applog -m64 -product Vivado -messageDb vivado.pb -mode batch -source UklKomb1.tcl -notrace


****** Vivado v2018.3 (64-bit)
  **** SW Build 2405991 on Thu Dec  6 23:38:27 MST 2018
  **** IP Build 2404404 on Fri Dec  7 01:43:56 MST 2018
    ** Copyright 1986-2018 Xilinx, Inc. All Rights Reserved.

source UklKomb1.tcl -notrace
Command: link_design -top UklKomb1 -part xc7a100tcsg324-1
Design is defaulting to srcset: sources_1
Design is defaulting to constrset: constrs_1
INFO: [Project 1-479] Netlist was created with Vivado 2018.3
INFO: [Device 21-403] Loading part xc7a100tcsg324-1
INFO: [Project 1-570] Preparing netlist for logic optimization
Parsing XDC File [D:/XilinxProjekty/UklKomb1/UklKomb1.srcs/constrs_1/new/constr.xdc]
Finished Parsing XDC File [D:/XilinxProjekty/UklKomb1/UklKomb1.srcs/constrs_1/new/constr.xdc]
INFO: [Opt 31-138] Pushed 0 inverter(s) to 0 load pin(s).
Netlist sorting complete. Time (s): cpu = 00:00:00 ; elapsed = 00:00:00 . Memory (MB): peak = 577.648 ; gain = 0.000
INFO: [Project 1-111] Unisim Transformation Summary:
No Unisim elements were transformed.

5 Infos, 0 Warnings, 0 Critical Warnings and 0 Errors encountered.
link_design completed successfully
link_design: Time (s): cpu = 00:00:03 ; elapsed = 00:00:07 . Memory (MB): peak = 581.660 ; gain = 328.504
Command: opt_design
Attempting to get a license for feature 'Implementation' and/or device 'xc7a100t'
INFO: [Common 17-349] Got license for feature 'Implementation' and/or device 'xc7a100t'
Running DRC as a precondition to command opt_design

Starting DRC Task
INFO: [DRC 23-27] Running DRC with 2 threads
INFO: [Project 1-461] DRC finished with 0 Errors
INFO: [Project 1-462] Please refer to the DRC report (report_drc) for more information.

Time (s): cpu = 00:00:00 ; elapsed = 00:00:00.722 . Memory (MB): peak = 591.355 ; gain = 9.695

Starting Cache Timing Information Task
INFO: [Timing 38-35] Done setting XDC timing constraints.
Ending Cache Timing Information Task | Checksum: 1619ac3b4

Time (s): cpu = 00:00:05 ; elapsed = 00:00:10 . Memory (MB): peak = 1115.504 ; gain = 524.148

Starting Logic Optimization Task

Phase 1 Retarget
INFO: [Opt 31-138] Pushed 0 inverter(s) to 0 load pin(s).
INFO: [Opt 31-49] Retargeted 0 cell(s).
Phase 1 Retarget | Checksum: 1619ac3b4

Time (s): cpu = 00:00:00 ; elapsed = 00:00:00.031 . Memory (MB): peak = 1211.191 ; gain = 0.000
INFO: [Opt 31-389] Phase Retarget created 0 cells and removed 0 cells

Phase 2 Constant propagation
INFO: [Opt 31-138] Pushed 0 inverter(s) to 0 load pin(s).
Phase 2 Constant propagation | Checksum: 1619ac3b4

Time (s): cpu = 00:00:00 ; elapsed = 00:00:00.035 . Memory (MB): peak = 1211.191 ; gain = 0.000
INFO: [Opt 31-389] Phase Constant propagation created 0 cells and removed 0 cells

Phase 3 Sweep
Phase 3 Sweep | Checksum: 1619ac3b4

Time (s): cpu = 00:00:00 ; elapsed = 00:00:00.045 . Memory (MB): peak = 1211.191 ; gain = 0.000
INFO: [Opt 31-389] Phase Sweep created 0 cells and removed 0 cells

Phase 4 BUFG optimization
Phase 4 BUFG optimization | Checksum: 1619ac3b4

Time (s): cpu = 00:00:00 ; elapsed = 00:00:00.053 . Memory (MB): peak = 1211.191 ; gain = 0.000
INFO: [Opt 31-662] Phase BUFG optimization created 0 cells of which 0 are BUFGs and removed 0 cells.

Phase 5 Shift Register Optimization
Phase 5 Shift Register Optimization | Checksum: 1619ac3b4

Time (s): cpu = 00:00:00 ; elapsed = 00:00:00.097 . Memory (MB): peak = 1211.191 ; gain = 0.000
INFO: [Opt 31-389] Phase Shift Register Optimization created 0 cells and removed 0 cells

Phase 6 Post Processing Netlist
Phase 6 Post Processing Netlist | Checksum: 1619ac3b4

Time (s): cpu = 00:00:00 ; elapsed = 00:00:00.101 . Memory (MB): peak = 1211.191 ; gain = 0.000
INFO: [Opt 31-389] Phase Post Processing Netlist created 0 cells and removed 0 cells
Opt_design Change Summary
=========================


-------------------------------------------------------------------------------------------------------------------------
|  Phase                        |  #Cells created  |  #Cells Removed  |  #Constrained objects preventing optimizations  |
-------------------------------------------------------------------------------------------------------------------------
|  Retarget                     |               0  |               0  |                                              0  |
|  Constant propagation         |               0  |               0  |                                              0  |
|  Sweep                        |               0  |               0  |                                              0  |
|  BUFG optimization            |               0  |               0  |                                              0  |
|  Shift Register Optimization  |               0  |               0  |                                              0  |
|  Post Processing Netlist      |               0  |               0  |                                              0  |
-------------------------------------------------------------------------------------------------------------------------



Starting Connectivity Check Task

Time (s): cpu = 00:00:00 ; elapsed = 00:00:00.001 . Memory (MB): peak = 1211.191 ; gain = 0.000
Ending Logic Optimization Task | Checksum: 1619ac3b4

Time (s): cpu = 00:00:00 ; elapsed = 00:00:00.108 . Memory (MB): peak = 1211.191 ; gain = 0.000

Starting Power Optimization Task
INFO: [Pwropt 34-132] Skipping clock gating for clocks with a period < 2.00 ns.
Ending Power Optimization Task | Checksum: 1619ac3b4

Time (s): cpu = 00:00:00 ; elapsed = 00:00:00.021 . Memory (MB): peak = 1211.191 ; gain = 0.000

Starting Final Cleanup Task
Ending Final Cleanup Task | Checksum: 1619ac3b4

Time (s): cpu = 00:00:00 ; elapsed = 00:00:00 . Memory (MB): peak = 1211.191 ; gain = 0.000

Starting Netlist Obfuscation Task
Netlist sorting complete. Time (s): cpu = 00:00:00 ; elapsed = 00:00:00.001 . Memory (MB): peak = 1211.191 ; gain = 0.000
Ending Netlist Obfuscation Task | Checksum: 1619ac3b4

Time (s): cpu = 00:00:00 ; elapsed = 00:00:00.001 . Memory (MB): peak = 1211.191 ; gain = 0.000
INFO: [Common 17-83] Releasing license: Implementation
21 Infos, 0 Warnings, 0 Critical Warnings and 0 Errors encountered.
opt_design completed successfully
opt_design: Time (s): cpu = 00:00:05 ; elapsed = 00:00:11 . Memory (MB): peak = 1211.191 ; gain = 629.531
Netlist sorting complete. Time (s): cpu = 00:00:00 ; elapsed = 00:00:00 . Memory (MB): peak = 1211.191 ; gain = 0.000
INFO: [Timing 38-480] Writing timing data to binary archive.
Writing placer database...
Writing XDEF routing.
Writing XDEF routing logical nets.
Writing XDEF routing special nets.
Write XDEF Complete: Time (s): cpu = 00:00:00 ; elapsed = 00:00:00.032 . Memory (MB): peak = 1211.191 ; gain = 0.000
Netlist sorting complete. Time (s): cpu = 00:00:00 ; elapsed = 00:00:00.001 . Memory (MB): peak = 1211.191 ; gain = 0.000
INFO: [Common 17-1381] The checkpoint 'D:/XilinxProjekty/UklKomb1/UklKomb1.runs/impl_1/UklKomb1_opt.dcp' has been generated.
INFO: [runtcl-4] Executing : report_drc -file UklKomb1_drc_opted.rpt -pb UklKomb1_drc_opted.pb -rpx UklKomb1_drc_opted.rpx
Command: report_drc -file UklKomb1_drc_opted.rpt -pb UklKomb1_drc_opted.pb -rpx UklKomb1_drc_opted.rpx
INFO: [IP_Flow 19-234] Refreshing IP repositories
INFO: [IP_Flow 19-1704] No user IP repositories specified
INFO: [IP_Flow 19-2313] Loaded Vivado IP repository 'D:/Xilinx/Vivado/2018.3/data/ip'.
INFO: [DRC 23-27] Running DRC with 2 threads
INFO: [Coretcl 2-168] The results of DRC are in file D:/XilinxProjekty/UklKomb1/UklKomb1.runs/impl_1/UklKomb1_drc_opted.rpt.
report_drc completed successfully
Command: place_design
Attempting to get a license for feature 'Implementation' and/or device 'xc7a100t'
INFO: [Common 17-349] Got license for feature 'Implementation' and/or device 'xc7a100t'
INFO: [DRC 23-27] Running DRC with 2 threads
INFO: [Vivado_Tcl 4-198] DRC finished with 0 Errors
INFO: [Vivado_Tcl 4-199] Please refer to the DRC report (report_drc) for more information.
Running DRC as a precondition to command place_design
INFO: [DRC 23-27] Running DRC with 2 threads
INFO: [Vivado_Tcl 4-198] DRC finished with 0 Errors
INFO: [Vivado_Tcl 4-199] Please refer to the DRC report (report_drc) for more information.

Starting Placer Task
INFO: [Place 30-611] Multithreading enabled for place_design using a maximum of 2 CPUs

Phase 1 Placer Initialization

Phase 1.1 Placer Initialization Netlist Sorting
Netlist sorting complete. Time (s): cpu = 00:00:00 ; elapsed = 00:00:00 . Memory (MB): peak = 1211.191 ; gain = 0.000
Phase 1.1 Placer Initialization Netlist Sorting | Checksum: 7b0a0a6b

Time (s): cpu = 00:00:00 ; elapsed = 00:00:00.012 . Memory (MB): peak = 1211.191 ; gain = 0.000
Netlist sorting complete. Time (s): cpu = 00:00:00 ; elapsed = 00:00:00 . Memory (MB): peak = 1211.191 ; gain = 0.000

Phase 1.2 IO Placement/ Clock Placement/ Build Placer Device
INFO: [Timing 38-35] Done setting XDC timing constraints.
Phase 1.2 IO Placement/ Clock Placement/ Build Placer Device | Checksum: 7b0a0a6b

Time (s): cpu = 00:00:00 ; elapsed = 00:00:00.660 . Memory (MB): peak = 1221.617 ; gain = 10.426

Phase 1.3 Build Placer Netlist Model
Phase 1.3 Build Placer Netlist Model | Checksum: 10f174b50

Time (s): cpu = 00:00:00 ; elapsed = 00:00:00.699 . Memory (MB): peak = 1221.617 ; gain = 10.426

Phase 1.4 Constrain Clocks/Macros
Phase 1.4 Constrain Clocks/Macros | Checksum: 10f174b50

Time (s): cpu = 00:00:00 ; elapsed = 00:00:00.703 . Memory (MB): peak = 1221.617 ; gain = 10.426
Phase 1 Placer Initialization | Checksum: 10f174b50

Time (s): cpu = 00:00:00 ; elapsed = 00:00:00.707 . Memory (MB): peak = 1221.617 ; gain = 10.426

Phase 2 Global Placement

Phase 2.1 Floorplanning
Phase 2.1 Floorplanning | Checksum: 10f174b50

Time (s): cpu = 00:00:00 ; elapsed = 00:00:00.717 . Memory (MB): peak = 1222.230 ; gain = 11.039
WARNING: [Place 46-29] place_design is not in timing mode. Skip physical synthesis in placer
Phase 2 Global Placement | Checksum: 952274d3

Time (s): cpu = 00:00:00 ; elapsed = 00:00:01 . Memory (MB): peak = 1227.816 ; gain = 16.625

Phase 3 Detail Placement

Phase 3.1 Commit Multi Column Macros
Phase 3.1 Commit Multi Column Macros | Checksum: 952274d3

Time (s): cpu = 00:00:00 ; elapsed = 00:00:01 . Memory (MB): peak = 1227.816 ; gain = 16.625

Phase 3.2 Commit Most Macros & LUTRAMs
Phase 3.2 Commit Most Macros & LUTRAMs | Checksum: 15180c2f7

Time (s): cpu = 00:00:00 ; elapsed = 00:00:01 . Memory (MB): peak = 1227.816 ; gain = 16.625

Phase 3.3 Area Swap Optimization
Phase 3.3 Area Swap Optimization | Checksum: 9dfa69ce

Time (s): cpu = 00:00:00 ; elapsed = 00:00:01 . Memory (MB): peak = 1227.816 ; gain = 16.625

Phase 3.4 Pipeline Register Optimization
Phase 3.4 Pipeline Register Optimization | Checksum: 9dfa69ce

Time (s): cpu = 00:00:00 ; elapsed = 00:00:01 . Memory (MB): peak = 1227.816 ; gain = 16.625

Phase 3.5 Small Shape Detail Placement
Phase 3.5 Small Shape Detail Placement | Checksum: 18e99d49d

Time (s): cpu = 00:00:00 ; elapsed = 00:00:01 . Memory (MB): peak = 1233.684 ; gain = 22.492

Phase 3.6 Re-assign LUT pins
Phase 3.6 Re-assign LUT pins | Checksum: 18e99d49d

Time (s): cpu = 00:00:00 ; elapsed = 00:00:01 . Memory (MB): peak = 1233.684 ; gain = 22.492

Phase 3.7 Pipeline Register Optimization
Phase 3.7 Pipeline Register Optimization | Checksum: 18e99d49d

Time (s): cpu = 00:00:00 ; elapsed = 00:00:01 . Memory (MB): peak = 1233.684 ; gain = 22.492
Phase 3 Detail Placement | Checksum: 18e99d49d

Time (s): cpu = 00:00:00 ; elapsed = 00:00:01 . Memory (MB): peak = 1233.684 ; gain = 22.492

Phase 4 Post Placement Optimization and Clean-Up

Phase 4.1 Post Commit Optimization
Phase 4.1 Post Commit Optimization | Checksum: 18e99d49d

Time (s): cpu = 00:00:00 ; elapsed = 00:00:01 . Memory (MB): peak = 1233.684 ; gain = 22.492

Phase 4.2 Post Placement Cleanup
Phase 4.2 Post Placement Cleanup | Checksum: 18e99d49d

Time (s): cpu = 00:00:00 ; elapsed = 00:00:01 . Memory (MB): peak = 1233.684 ; gain = 22.492

Phase 4.3 Placer Reporting
Phase 4.3 Placer Reporting | Checksum: 18e99d49d

Time (s): cpu = 00:00:00 ; elapsed = 00:00:01 . Memory (MB): peak = 1233.684 ; gain = 22.492

Phase 4.4 Final Placement Cleanup
Netlist sorting complete. Time (s): cpu = 00:00:00 ; elapsed = 00:00:00 . Memory (MB): peak = 1233.684 ; gain = 0.000
Phase 4.4 Final Placement Cleanup | Checksum: 18e99d49d

Time (s): cpu = 00:00:00 ; elapsed = 00:00:01 . Memory (MB): peak = 1233.684 ; gain = 22.492
Phase 4 Post Placement Optimization and Clean-Up | Checksum: 18e99d49d

Time (s): cpu = 00:00:00 ; elapsed = 00:00:01 . Memory (MB): peak = 1233.684 ; gain = 22.492
Ending Placer Task | Checksum: d40a2ec2

Time (s): cpu = 00:00:00 ; elapsed = 00:00:01 . Memory (MB): peak = 1233.684 ; gain = 22.492
INFO: [Common 17-83] Releasing license: Implementation
39 Infos, 1 Warnings, 0 Critical Warnings and 0 Errors encountered.
place_design completed successfully
Netlist sorting complete. Time (s): cpu = 00:00:00 ; elapsed = 00:00:00 . Memory (MB): peak = 1233.684 ; gain = 0.000
INFO: [Timing 38-480] Writing timing data to binary archive.
Writing placer database...
Writing XDEF routing.
Writing XDEF routing logical nets.
Writing XDEF routing special nets.
Write XDEF Complete: Time (s): cpu = 00:00:00 ; elapsed = 00:00:00.036 . Memory (MB): peak = 1234.500 ; gain = 0.816
Netlist sorting complete. Time (s): cpu = 00:00:00 ; elapsed = 00:00:00 . Memory (MB): peak = 1239.516 ; gain = 0.000
INFO: [Common 17-1381] The checkpoint 'D:/XilinxProjekty/UklKomb1/UklKomb1.runs/impl_1/UklKomb1_placed.dcp' has been generated.
INFO: [runtcl-4] Executing : report_io -file UklKomb1_io_placed.rpt
report_io: Time (s): cpu = 00:00:00 ; elapsed = 00:00:00.045 . Memory (MB): peak = 1239.516 ; gain = 0.000
INFO: [runtcl-4] Executing : report_utilization -file UklKomb1_utilization_placed.rpt -pb UklKomb1_utilization_placed.pb
INFO: [runtcl-4] Executing : report_control_sets -verbose -file UklKomb1_control_sets_placed.rpt
report_control_sets: Time (s): cpu = 00:00:00 ; elapsed = 00:00:00.002 . Memory (MB): peak = 1239.516 ; gain = 0.000
Command: route_design
Attempting to get a license for feature 'Implementation' and/or device 'xc7a100t'
INFO: [Common 17-349] Got license for feature 'Implementation' and/or device 'xc7a100t'
Running DRC as a precondition to command route_design
INFO: [DRC 23-27] Running DRC with 2 threads
INFO: [Vivado_Tcl 4-198] DRC finished with 0 Errors
INFO: [Vivado_Tcl 4-199] Please refer to the DRC report (report_drc) for more information.


Starting Routing Task
INFO: [Route 35-254] Multithreading enabled for route_design using a maximum of 2 CPUs
Checksum: PlaceDB: 6245ceaa ConstDB: 0 ShapeSum: 71c46018 RouteDB: 0

Phase 1 Build RT Design
Phase 1 Build RT Design | Checksum: 15f515f2c

Time (s): cpu = 00:00:17 ; elapsed = 00:00:46 . Memory (MB): peak = 1390.668 ; gain = 151.152
Post Restoration Checksum: NetGraph: 9645a5d8 NumContArr: c90bb954 Constraints: 0 Timing: 0

Phase 2 Router Initialization
INFO: [Route 35-64] No timing constraints were detected. The router will operate in resource-optimization mode.

Phase 2.1 Fix Topology Constraints
Phase 2.1 Fix Topology Constraints | Checksum: 15f515f2c

Time (s): cpu = 00:00:17 ; elapsed = 00:00:46 . Memory (MB): peak = 1396.699 ; gain = 157.184

Phase 2.2 Pre Route Cleanup
Phase 2.2 Pre Route Cleanup | Checksum: 15f515f2c

Time (s): cpu = 00:00:17 ; elapsed = 00:00:46 . Memory (MB): peak = 1396.699 ; gain = 157.184
 Number of Nodes with overlaps = 0
Phase 2 Router Initialization | Checksum: 77f2eedf

Time (s): cpu = 00:00:17 ; elapsed = 00:00:46 . Memory (MB): peak = 1400.340 ; gain = 160.824

Phase 3 Initial Routing
Phase 3 Initial Routing | Checksum: 136f75be3

Time (s): cpu = 00:00:17 ; elapsed = 00:00:46 . Memory (MB): peak = 1403.375 ; gain = 163.859

Phase 4 Rip-up And Reroute

Phase 4.1 Global Iteration 0
 Number of Nodes with overlaps = 0
Phase 4.1 Global Iteration 0 | Checksum: e83e2cee

Time (s): cpu = 00:00:17 ; elapsed = 00:00:46 . Memory (MB): peak = 1403.375 ; gain = 163.859
Phase 4 Rip-up And Reroute | Checksum: e83e2cee

Time (s): cpu = 00:00:17 ; elapsed = 00:00:46 . Memory (MB): peak = 1403.375 ; gain = 163.859

Phase 5 Delay and Skew Optimization
Phase 5 Delay and Skew Optimization | Checksum: e83e2cee

Time (s): cpu = 00:00:17 ; elapsed = 00:00:46 . Memory (MB): peak = 1403.375 ; gain = 163.859

Phase 6 Post Hold Fix

Phase 6.1 Hold Fix Iter
Phase 6.1 Hold Fix Iter | Checksum: e83e2cee

Time (s): cpu = 00:00:17 ; elapsed = 00:00:46 . Memory (MB): peak = 1403.375 ; gain = 163.859
Phase 6 Post Hold Fix | Checksum: e83e2cee

Time (s): cpu = 00:00:17 ; elapsed = 00:00:46 . Memory (MB): peak = 1403.375 ; gain = 163.859

Phase 7 Route finalize

Router Utilization Summary
  Global Vertical Routing Utilization    = 0.00696349 %
  Global Horizontal Routing Utilization  = 0.00156294 %
  Routable Net Status*
  *Does not include unroutable nets such as driverless and loadless.
  Run report_route_status for detailed report.
  Number of Failed Nets               = 0
  Number of Unrouted Nets             = 0
  Number of Partially Routed Nets     = 0
  Number of Node Overlaps             = 0

Congestion Report
North Dir 1x1 Area, Max Cong = 10.8108%, No Congested Regions.
South Dir 1x1 Area, Max Cong = 14.4144%, No Congested Regions.
East Dir 1x1 Area, Max Cong = 2.94118%, No Congested Regions.
West Dir 1x1 Area, Max Cong = 2.94118%, No Congested Regions.

------------------------------
Reporting congestion hotspots
------------------------------
Direction: North
----------------
Congested clusters found at Level 0
Effective congestion level: 0 Aspect Ratio: 1 Sparse Ratio: 0
Direction: South
----------------
Congested clusters found at Level 0
Effective congestion level: 0 Aspect Ratio: 1 Sparse Ratio: 0
Direction: East
----------------
Congested clusters found at Level 0
Effective congestion level: 0 Aspect Ratio: 1 Sparse Ratio: 0
Direction: West
----------------
Congested clusters found at Level 0
Effective congestion level: 0 Aspect Ratio: 1 Sparse Ratio: 0

Phase 7 Route finalize | Checksum: e83e2cee

Time (s): cpu = 00:00:17 ; elapsed = 00:00:46 . Memory (MB): peak = 1403.375 ; gain = 163.859

Phase 8 Verifying routed nets

 Verification completed successfully
Phase 8 Verifying routed nets | Checksum: e83e2cee

Time (s): cpu = 00:00:17 ; elapsed = 00:00:46 . Memory (MB): peak = 1405.441 ; gain = 165.926

Phase 9 Depositing Routes
Phase 9 Depositing Routes | Checksum: 1040bde66

Time (s): cpu = 00:00:17 ; elapsed = 00:00:46 . Memory (MB): peak = 1405.441 ; gain = 165.926
INFO: [Route 35-16] Router Completed Successfully

Time (s): cpu = 00:00:17 ; elapsed = 00:00:46 . Memory (MB): peak = 1405.441 ; gain = 165.926

Routing Is Done.
INFO: [Common 17-83] Releasing license: Implementation
52 Infos, 1 Warnings, 0 Critical Warnings and 0 Errors encountered.
route_design completed successfully
route_design: Time (s): cpu = 00:00:17 ; elapsed = 00:00:47 . Memory (MB): peak = 1405.441 ; gain = 165.926
Netlist sorting complete. Time (s): cpu = 00:00:00 ; elapsed = 00:00:00 . Memory (MB): peak = 1405.441 ; gain = 0.000
INFO: [Timing 38-480] Writing timing data to binary archive.
Writing placer database...
Writing XDEF routing.
Writing XDEF routing logical nets.
Writing XDEF routing special nets.
Write XDEF Complete: Time (s): cpu = 00:00:00 ; elapsed = 00:00:00.036 . Memory (MB): peak = 1405.441 ; gain = 0.000
Netlist sorting complete. Time (s): cpu = 00:00:00 ; elapsed = 00:00:00 . Memory (MB): peak = 1405.441 ; gain = 0.000
INFO: [Common 17-1381] The checkpoint 'D:/XilinxProjekty/UklKomb1/UklKomb1.runs/impl_1/UklKomb1_routed.dcp' has been generated.
INFO: [runtcl-4] Executing : report_drc -file UklKomb1_drc_routed.rpt -pb UklKomb1_drc_routed.pb -rpx UklKomb1_drc_routed.rpx
Command: report_drc -file UklKomb1_drc_routed.rpt -pb UklKomb1_drc_routed.pb -rpx UklKomb1_drc_routed.rpx
INFO: [IP_Flow 19-1839] IP Catalog is up to date.
INFO: [DRC 23-27] Running DRC with 2 threads
INFO: [Coretcl 2-168] The results of DRC are in file D:/XilinxProjekty/UklKomb1/UklKomb1.runs/impl_1/UklKomb1_drc_routed.rpt.
report_drc completed successfully
INFO: [runtcl-4] Executing : report_methodology -file UklKomb1_methodology_drc_routed.rpt -pb UklKomb1_methodology_drc_routed.pb -rpx UklKomb1_methodology_drc_routed.rpx
Command: report_methodology -file UklKomb1_methodology_drc_routed.rpt -pb UklKomb1_methodology_drc_routed.pb -rpx UklKomb1_methodology_drc_routed.rpx
INFO: [Timing 38-35] Done setting XDC timing constraints.
INFO: [DRC 23-133] Running Methodology with 2 threads
INFO: [Coretcl 2-1520] The results of Report Methodology are in file D:/XilinxProjekty/UklKomb1/UklKomb1.runs/impl_1/UklKomb1_methodology_drc_routed.rpt.
report_methodology completed successfully
INFO: [runtcl-4] Executing : report_power -file UklKomb1_power_routed.rpt -pb UklKomb1_power_summary_routed.pb -rpx UklKomb1_power_routed.rpx
Command: report_power -file UklKomb1_power_routed.rpt -pb UklKomb1_power_summary_routed.pb -rpx UklKomb1_power_routed.rpx
WARNING: [Power 33-232] No user defined clocks were found in the design!
Resolution: Please specify clocks using create_clock/create_generated_clock for sequential elements. For pure combinatorial circuits, please specify a virtual clock, otherwise the vectorless estimation might be inaccurate
INFO: [Timing 38-35] Done setting XDC timing constraints.
Running Vector-less Activity Propagation...

Finished Running Vector-less Activity Propagation
64 Infos, 2 Warnings, 0 Critical Warnings and 0 Errors encountered.
report_power completed successfully
INFO: [runtcl-4] Executing : report_route_status -file UklKomb1_route_status.rpt -pb UklKomb1_route_status.pb
INFO: [runtcl-4] Executing : report_timing_summary -max_paths 10 -file UklKomb1_timing_summary_routed.rpt -pb UklKomb1_timing_summary_routed.pb -rpx UklKomb1_timing_summary_routed.rpx -warn_on_violation 
INFO: [Timing 38-91] UpdateTimingParams: Speed grade: -1, Delay Type: min_max.
INFO: [Timing 38-191] Multithreading enabled for timing update using a maximum of 2 CPUs
WARNING: [Timing 38-313] There are no user specified timing constraints. Timing constraints are needed for proper timing analysis.
INFO: [runtcl-4] Executing : report_incremental_reuse -file UklKomb1_incremental_reuse_routed.rpt
INFO: [Vivado_Tcl 4-1062] Incremental flow is disabled. No incremental reuse Info to report.
INFO: [runtcl-4] Executing : report_clock_utilization -file UklKomb1_clock_utilization_routed.rpt
INFO: [runtcl-4] Executing : report_bus_skew -warn_on_violation -file UklKomb1_bus_skew_routed.rpt -pb UklKomb1_bus_skew_routed.pb -rpx UklKomb1_bus_skew_routed.rpx
INFO: [Timing 38-91] UpdateTimingParams: Speed grade: -1, Delay Type: min_max.
INFO: [Timing 38-191] Multithreading enabled for timing update using a maximum of 2 CPUs
INFO: [Common 17-206] Exiting Vivado at Tue Mar  7 23:43:30 2023...

*** Running vivado
    with args -log UklKomb1.vdi -applog -m64 -product Vivado -messageDb vivado.pb -mode batch -source UklKomb1.tcl -notrace


****** Vivado v2018.3 (64-bit)
  **** SW Build 2405991 on Thu Dec  6 23:38:27 MST 2018
  **** IP Build 2404404 on Fri Dec  7 01:43:56 MST 2018
    ** Copyright 1986-2018 Xilinx, Inc. All Rights Reserved.

source UklKomb1.tcl -notrace
Command: open_checkpoint UklKomb1_routed.dcp

Starting open_checkpoint Task

Time (s): cpu = 00:00:00 ; elapsed = 00:00:00.049 . Memory (MB): peak = 253.371 ; gain = 0.000
INFO: [Project 1-479] Netlist was created with Vivado 2018.3
INFO: [Device 21-403] Loading part xc7a100tcsg324-1
INFO: [Project 1-570] Preparing netlist for logic optimization
INFO: [Timing 38-478] Restoring timing data from binary archive.
INFO: [Timing 38-479] Binary timing data restore complete.
INFO: [Project 1-856] Restoring constraints from binary archive.
INFO: [Project 1-853] Binary constraint restore complete.
Reading XDEF placement.
Reading placer database...
Reading XDEF routing.
Read XDEF File: Time (s): cpu = 00:00:00 ; elapsed = 00:00:00.087 . Memory (MB): peak = 1124.562 ; gain = 0.000
Restored from archive | CPU: 0.000000 secs | Memory: 0.000000 MB |
Finished XDEF File Restore: Time (s): cpu = 00:00:00 ; elapsed = 00:00:00.087 . Memory (MB): peak = 1124.562 ; gain = 0.000
Netlist sorting complete. Time (s): cpu = 00:00:00 ; elapsed = 00:00:00 . Memory (MB): peak = 1124.562 ; gain = 0.000
INFO: [Project 1-111] Unisim Transformation Summary:
No Unisim elements were transformed.

INFO: [Project 1-604] Checkpoint was created with Vivado v2018.3 (64-bit) build 2405991
open_checkpoint: Time (s): cpu = 00:00:04 ; elapsed = 00:00:17 . Memory (MB): peak = 1124.562 ; gain = 871.191
Command: write_bitstream -force UklKomb1.bit
Attempting to get a license for feature 'Implementation' and/or device 'xc7a100t'
INFO: [Common 17-349] Got license for feature 'Implementation' and/or device 'xc7a100t'
Running DRC as a precondition to command write_bitstream
INFO: [IP_Flow 19-234] Refreshing IP repositories
INFO: [IP_Flow 19-1704] No user IP repositories specified
INFO: [IP_Flow 19-2313] Loaded Vivado IP repository 'D:/Xilinx/Vivado/2018.3/data/ip'.
INFO: [DRC 23-27] Running DRC with 2 threads
INFO: [Vivado 12-3199] DRC finished with 0 Errors
INFO: [Vivado 12-3200] Please refer to the DRC report (report_drc) for more information.
INFO: [Designutils 20-2272] Running write_bitstream with 2 threads.
Loading data files...
Loading site data...
Loading route data...
Processing options...
Creating bitmap...
Creating bitstream...
Writing bitstream ./UklKomb1.bit...
INFO: [Vivado 12-1842] Bitgen Completed Successfully.
INFO: [Project 1-120] WebTalk data collection is mandatory when using a WebPACK part without a full Vivado license. To see the specific WebTalk data collected for your design, open the usage_statistics_webtalk.html or usage_statistics_webtalk.xml file in the implementation directory.
INFO: [Common 17-83] Releasing license: Implementation
20 Infos, 0 Warnings, 0 Critical Warnings and 0 Errors encountered.
write_bitstream completed successfully
write_bitstream: Time (s): cpu = 00:00:06 ; elapsed = 00:00:16 . Memory (MB): peak = 1616.059 ; gain = 491.496
INFO: [Common 17-206] Exiting Vivado at Tue Mar  7 23:44:30 2023...
